[09:17:55] [main/INFO]: Loaded 0 recipes
[09:17:57] [Server thread/INFO]: Starting minecraft server version 1.13.2
[09:17:57] [Server thread/INFO]: Loading properties
[09:17:57] [Server thread/INFO]: Default game type: SURVIVAL
[09:17:58] [Server thread/INFO]: This server is running CraftBukkit version git-Spigot-e8d3881-c24abab (MC: 1.13.2) (Implementing API version 1.13.2-R0.1-SNAPSHOT)
[09:17:59] [Server thread/INFO]: Server Ping Player Sample Count: 12
[09:17:59] [Server thread/INFO]: Using 4 threads for Netty based IO
[09:17:59] [Server thread/INFO]: Debug logging is disabled
[09:17:59] [Server thread/INFO]: Generating keypair
[09:17:59] [Server thread/INFO]: Starting Minecraft server on *:25566
[09:18:01] [Server thread/INFO]: Using epoll channel type
[09:18:10] [Server thread/INFO]: [Sign] Loading Sign v1.0
[09:18:10] [Server thread/INFO]: 123123
[09:18:10] [Server thread/WARN]: **** SERVER IS RUNNING IN OFFLINE/INSECURE MODE!
[09:18:10] [Server thread/WARN]: The server will make no attempt to authenticate usernames. Beware.
[09:18:11] [Server thread/WARN]: Whilst this makes it possible to use BungeeCord, unless access to your server is properly restricted, it also opens up the ability for hackers to connect with any username they choose.
[09:18:11] [Server thread/WARN]: Please see http://www.spigotmc.org/wiki/firewall-guide/ for further information.
[09:18:11] [Server thread/WARN]: To change this, set "online-mode" to "true" in the server.properties file.
[09:18:12] [Server thread/INFO]: Preparing level "world"
[09:18:14] [Server thread/INFO]: Reloading ResourceManager: Default, bukkit
[09:18:16] [Server thread/INFO]: Loaded 524 recipes
[09:18:17] [Server thread/INFO]: -------- World Settings For [world] --------
[09:18:17] [Server thread/INFO]: Cactus Growth Modifier: 100%
[09:18:17] [Server thread/INFO]: Cane Growth Modifier: 100%
[09:18:17] [Server thread/INFO]: Melon Growth Modifier: 100%
[09:18:17] [Server thread/INFO]: Mushroom Growth Modifier: 100%
[09:18:17] [Server thread/INFO]: Pumpkin Growth Modifier: 100%
[09:18:17] [Server thread/INFO]: Sapling Growth Modifier: 100%
[09:18:17] [Server thread/INFO]: Beetroot Growth Modifier: 100%
[09:18:17] [Server thread/INFO]: Carrot Growth Modifier: 100%
[09:18:17] [Server thread/INFO]: Potato Growth Modifier: 100%
[09:18:17] [Server thread/INFO]: Wheat Growth Modifier: 100%
[09:18:17] [Server thread/INFO]: NetherWart Growth Modifier: 100%
[09:18:17] [Server thread/INFO]: Vine Growth Modifier: 100%
[09:18:17] [Server thread/INFO]: Cocoa Growth Modifier: 100%
[09:18:17] [Server thread/INFO]: Entity Activation Range: An 32 / Mo 32 / Mi 16 / Tiv true
[09:18:17] [Server thread/INFO]: Entity Tracking Range: Pl 48 / An 48 / Mo 48 / Mi 32 / Other 64
[09:18:17] [Server thread/INFO]: Experience Merge Radius: 3.0
[09:18:17] [Server thread/INFO]: Mob Spawn Range: 6
[09:18:17] [Server thread/INFO]: Hopper Transfer: 8 Hopper Check: 1 Hopper Amount: 1
[09:18:17] [Server thread/INFO]: Random Lighting Updates: false
[09:18:17] [Server thread/INFO]: Custom Map Seeds:  Village: 10387312 Desert: 14357617 Igloo: 14357618 Jungle: 14357619 Swamp: 14357620 Monument: 10387313Ocean: 14357621 Shipwreck: 165745295 Slime: 987234911
[09:18:17] [Server thread/INFO]: Max TNT Explosions: 100
[09:18:17] [Server thread/INFO]: Tile Max Tick Time: 50ms Entity max Tick Time: 50ms
[09:18:17] [Server thread/INFO]: View Distance: 10
[09:18:17] [Server thread/INFO]: Allow Zombie Pigmen to spawn from portal blocks: true
[09:18:17] [Server thread/INFO]: Item Merge Radius: 2.5
[09:18:17] [Server thread/INFO]: Item Despawn Rate: 6000
[09:18:17] [Server thread/INFO]: Zombie Aggressive Towards Villager: true
[09:18:17] [Server thread/INFO]: Arrow Despawn Rate: 1200
[09:18:17] [Server thread/INFO]: Nerfing mobs spawned from spawners: false
[09:18:18] [Server thread/INFO]: -------- World Settings For [world_nether] --------
[09:18:18] [Server thread/INFO]: Cactus Growth Modifier: 100%
[09:18:18] [Server thread/INFO]: Cane Growth Modifier: 100%
[09:18:18] [Server thread/INFO]: Melon Growth Modifier: 100%
[09:18:18] [Server thread/INFO]: Mushroom Growth Modifier: 100%
[09:18:18] [Server thread/INFO]: Pumpkin Growth Modifier: 100%
[09:18:18] [Server thread/INFO]: Sapling Growth Modifier: 100%
[09:18:18] [Server thread/INFO]: Beetroot Growth Modifier: 100%
[09:18:18] [Server thread/INFO]: Carrot Growth Modifier: 100%
[09:18:18] [Server thread/INFO]: Potato Growth Modifier: 100%
[09:18:18] [Server thread/INFO]: Wheat Growth Modifier: 100%
[09:18:18] [Server thread/INFO]: NetherWart Growth Modifier: 100%
[09:18:18] [Server thread/INFO]: Vine Growth Modifier: 100%
[09:18:18] [Server thread/INFO]: Cocoa Growth Modifier: 100%
[09:18:18] [Server thread/INFO]: Entity Activation Range: An 32 / Mo 32 / Mi 16 / Tiv true
[09:18:18] [Server thread/INFO]: Entity Tracking Range: Pl 48 / An 48 / Mo 48 / Mi 32 / Other 64
[09:18:18] [Server thread/INFO]: Experience Merge Radius: 3.0
[09:18:18] [Server thread/INFO]: Mob Spawn Range: 6
[09:18:18] [Server thread/INFO]: Hopper Transfer: 8 Hopper Check: 1 Hopper Amount: 1
[09:18:18] [Server thread/INFO]: Random Lighting Updates: false
[09:18:18] [Server thread/INFO]: Custom Map Seeds:  Village: 10387312 Desert: 14357617 Igloo: 14357618 Jungle: 14357619 Swamp: 14357620 Monument: 10387313Ocean: 14357621 Shipwreck: 165745295 Slime: 987234911
[09:18:18] [Server thread/INFO]: Max TNT Explosions: 100
[09:18:18] [Server thread/INFO]: Tile Max Tick Time: 50ms Entity max Tick Time: 50ms
[09:18:18] [Server thread/INFO]: View Distance: 10
[09:18:18] [Server thread/INFO]: Allow Zombie Pigmen to spawn from portal blocks: true
[09:18:18] [Server thread/INFO]: Item Merge Radius: 2.5
[09:18:18] [Server thread/INFO]: Item Despawn Rate: 6000
[09:18:18] [Server thread/INFO]: Zombie Aggressive Towards Villager: true
[09:18:18] [Server thread/INFO]: Arrow Despawn Rate: 1200
[09:18:18] [Server thread/INFO]: Nerfing mobs spawned from spawners: false
[09:18:18] [Server thread/INFO]: -------- World Settings For [world_the_end] --------
[09:18:18] [Server thread/INFO]: Cactus Growth Modifier: 100%
[09:18:18] [Server thread/INFO]: Cane Growth Modifier: 100%
[09:18:18] [Server thread/INFO]: Melon Growth Modifier: 100%
[09:18:18] [Server thread/INFO]: Mushroom Growth Modifier: 100%
[09:18:18] [Server thread/INFO]: Pumpkin Growth Modifier: 100%
[09:18:18] [Server thread/INFO]: Sapling Growth Modifier: 100%
[09:18:18] [Server thread/INFO]: Beetroot Growth Modifier: 100%
[09:18:18] [Server thread/INFO]: Carrot Growth Modifier: 100%
[09:18:18] [Server thread/INFO]: Potato Growth Modifier: 100%
[09:18:18] [Server thread/INFO]: Wheat Growth Modifier: 100%
[09:18:18] [Server thread/INFO]: NetherWart Growth Modifier: 100%
[09:18:18] [Server thread/INFO]: Vine Growth Modifier: 100%
[09:18:18] [Server thread/INFO]: Cocoa Growth Modifier: 100%
[09:18:18] [Server thread/INFO]: Entity Activation Range: An 32 / Mo 32 / Mi 16 / Tiv true
[09:18:18] [Server thread/INFO]: Entity Tracking Range: Pl 48 / An 48 / Mo 48 / Mi 32 / Other 64
[09:18:18] [Server thread/INFO]: Experience Merge Radius: 3.0
[09:18:18] [Server thread/INFO]: Mob Spawn Range: 6
[09:18:18] [Server thread/INFO]: Hopper Transfer: 8 Hopper Check: 1 Hopper Amount: 1
[09:18:18] [Server thread/INFO]: Random Lighting Updates: false
[09:18:18] [Server thread/INFO]: Custom Map Seeds:  Village: 10387312 Desert: 14357617 Igloo: 14357618 Jungle: 14357619 Swamp: 14357620 Monument: 10387313Ocean: 14357621 Shipwreck: 165745295 Slime: 987234911
[09:18:18] [Server thread/INFO]: Max TNT Explosions: 100
[09:18:18] [Server thread/INFO]: Tile Max Tick Time: 50ms Entity max Tick Time: 50ms
[09:18:18] [Server thread/INFO]: View Distance: 10
[09:18:18] [Server thread/INFO]: Allow Zombie Pigmen to spawn from portal blocks: true
[09:18:18] [Server thread/INFO]: Item Merge Radius: 2.5
[09:18:18] [Server thread/INFO]: Item Despawn Rate: 6000
[09:18:18] [Server thread/INFO]: Zombie Aggressive Towards Villager: true
[09:18:18] [Server thread/INFO]: Arrow Despawn Rate: 1200
[09:18:18] [Server thread/INFO]: Nerfing mobs spawned from spawners: false
[09:18:18] [Server thread/INFO]: Preparing start region for level minecraft:overworld (Seed: -2400498671063149876)
[09:18:20] [Server thread/INFO]: Preparing spawn area: 4%
[09:18:20] [Server thread/INFO]: Preparing spawn area: 8%
[09:18:20] [Server thread/INFO]: Preparing spawn area: 12%
[09:18:20] [Server thread/INFO]: Preparing spawn area: 16%
[09:18:21] [Server thread/INFO]: Preparing spawn area: 20%
[09:18:21] [Server thread/INFO]: Preparing spawn area: 24%
[09:18:21] [Server thread/INFO]: Preparing spawn area: 28%
[09:18:22] [Server thread/INFO]: Preparing spawn area: 32%
[09:18:22] [Server thread/INFO]: Preparing spawn area: 36%
[09:18:22] [Server thread/INFO]: Preparing spawn area: 40%
[09:18:22] [Server thread/INFO]: Preparing spawn area: 44%
[09:18:22] [Server thread/INFO]: Preparing spawn area: 48%
[09:18:22] [Server thread/INFO]: Preparing spawn area: 52%
[09:18:22] [Server thread/INFO]: Preparing spawn area: 56%
[09:18:23] [Server thread/INFO]: Preparing spawn area: 60%
[09:18:23] [Server thread/INFO]: Preparing spawn area: 64%
[09:18:23] [Server thread/INFO]: Preparing spawn area: 68%
[09:18:23] [Server thread/INFO]: Preparing spawn area: 72%
[09:18:23] [Server thread/INFO]: Preparing spawn area: 76%
[09:18:24] [Server thread/INFO]: Preparing spawn area: 80%
[09:18:24] [Server thread/INFO]: Preparing spawn area: 84%
[09:18:24] [Server thread/INFO]: Preparing spawn area: 88%
[09:18:28] [Server thread/INFO]: Preparing spawn area: 92%
[09:18:33] [Server thread/INFO]: Preparing spawn area: 96%
[09:18:36] [Server thread/INFO]: Preparing spawn area: 100%
[09:18:36] [Server thread/INFO]: Preparing start region for level minecraft:the_nether (Seed: -2400498671063149876)
[09:18:38] [Server thread/INFO]: Preparing spawn area: 4%
[09:18:39] [Server thread/INFO]: Preparing spawn area: 8%
[09:18:39] [Server thread/INFO]: Preparing spawn area: 12%
[09:18:39] [Server thread/INFO]: Preparing spawn area: 16%
[09:18:39] [Server thread/INFO]: Preparing spawn area: 20%
[09:18:39] [Server thread/INFO]: Preparing spawn area: 24%
[09:18:40] [Server thread/INFO]: Preparing spawn area: 28%
[09:18:40] [Server thread/INFO]: Preparing spawn area: 32%
[09:18:40] [Server thread/INFO]: Preparing spawn area: 36%
[09:18:40] [Server thread/INFO]: Preparing spawn area: 40%
[09:18:40] [Server thread/INFO]: Preparing spawn area: 44%
[09:18:40] [Server thread/INFO]: Preparing spawn area: 48%
[09:18:40] [Server thread/INFO]: Preparing spawn area: 52%
[09:18:40] [Server thread/INFO]: Preparing spawn area: 56%
[09:18:41] [Server thread/INFO]: Preparing spawn area: 60%
[09:18:41] [Server thread/INFO]: Preparing spawn area: 64%
[09:18:41] [Server thread/INFO]: Preparing spawn area: 68%
[09:18:42] [Server thread/INFO]: Preparing spawn area: 72%
[09:18:43] [Server thread/INFO]: Preparing spawn area: 76%
[09:18:44] [Server thread/INFO]: Preparing spawn area: 80%
[09:18:44] [Server thread/INFO]: Preparing spawn area: 84%
[09:18:44] [Server thread/INFO]: Preparing spawn area: 88%
[09:18:45] [Server thread/INFO]: Preparing spawn area: 92%
[09:18:45] [Server thread/INFO]: Preparing spawn area: 96%
[09:18:45] [Server thread/INFO]: Preparing spawn area: 100%
[09:18:45] [Server thread/INFO]: Preparing start region for level minecraft:the_end (Seed: -2400498671063149876)
[09:18:45] [Server thread/INFO]: Preparing spawn area: 4%
[09:18:45] [Server thread/INFO]: Preparing spawn area: 8%
[09:18:45] [Server thread/INFO]: Preparing spawn area: 12%
[09:18:46] [Server thread/INFO]: Preparing spawn area: 16%
[09:18:46] [Server thread/INFO]: Preparing spawn area: 20%
[09:18:46] [Server thread/INFO]: Preparing spawn area: 24%
[09:18:46] [Server thread/INFO]: Preparing spawn area: 28%
[09:18:46] [Server thread/INFO]: Preparing spawn area: 32%
[09:18:46] [Server thread/INFO]: Preparing spawn area: 36%
[09:18:46] [Server thread/INFO]: Preparing spawn area: 40%
[09:18:46] [Server thread/INFO]: Preparing spawn area: 44%
[09:18:46] [Server thread/INFO]: Preparing spawn area: 48%
[09:18:46] [Server thread/INFO]: Preparing spawn area: 52%
[09:18:46] [Server thread/INFO]: Preparing spawn area: 56%
[09:18:46] [Server thread/INFO]: Preparing spawn area: 60%
[09:18:46] [Server thread/INFO]: Preparing spawn area: 64%
[09:18:46] [Server thread/INFO]: Preparing spawn area: 68%
[09:18:46] [Server thread/INFO]: Preparing spawn area: 72%
[09:18:46] [Server thread/INFO]: Preparing spawn area: 76%
[09:18:46] [Server thread/INFO]: Preparing spawn area: 80%
[09:18:46] [Server thread/INFO]: Preparing spawn area: 84%
[09:18:46] [Server thread/INFO]: Preparing spawn area: 88%
[09:18:46] [Server thread/INFO]: Preparing spawn area: 92%
[09:18:46] [Server thread/INFO]: Preparing spawn area: 96%
[09:18:46] [Server thread/INFO]: Preparing spawn area: 100%
[09:18:46] [Server thread/INFO]: Time elapsed: 28218 ms
[09:18:46] [Server thread/INFO]: [Sign] Enabling Sign v1.0
[09:18:47] [Server thread/INFO]: Server permissions file permissions.yml is empty, ignoring it
[09:18:47] [Server thread/INFO]: Done (34.445s)! For help, type "help"
[09:21:34] [Server thread/INFO]: This server is running CraftBukkit version git-Spigot-e8d3881-c24abab (MC: 1.13.2) (Implementing API version 1.13.2-R0.1-SNAPSHOT)[m
[09:21:34] [Server thread/INFO]: Checking version, please wait...[m
[09:21:35] [Thread-7/INFO]: You are 1 version(s) behind[m
[09:23:38] [User Authenticator #1/INFO]: UUID of player vaWU is 8b6bb293-7d8a-32c5-81ae-a62e12de9b53
[09:23:44] [Server thread/INFO]: vaWU[/192.168.3.104:46114] logged in with entity id 245 at ([world]10375.232379647401, 64.0, 9077.630221774247)
[09:24:05] [Server thread/INFO]: vaWU lost connection: Disconnected
[09:24:05] [Server thread/INFO]: vaWU left the game
[09:24:51] [User Authenticator #2/INFO]: UUID of player vaWU is 8b6bb293-7d8a-32c5-81ae-a62e12de9b53
[09:24:52] [Server thread/INFO]: vaWU[/192.168.3.104:49690] logged in with entity id 533 at ([world]10375.232379647401, 64.0, 9077.630221774247)
[09:25:05] [Server thread/WARN]: vaWU moved too quickly! -41.122448355290544,-1.743190817150733,42.82145905755169
