[09:20:48] [main/INFO]: Loaded 0 recipes
[09:20:49] [Server thread/INFO]: Starting minecraft server version 1.13.2
[09:20:49] [Server thread/INFO]: Loading properties
[09:20:49] [Server thread/INFO]: Default game type: SURVIVAL
[09:20:49] [Server thread/INFO]: Generating keypair
[09:20:49] [Server thread/INFO]: Starting Minecraft server on *:25567
[09:20:49] [Server thread/INFO]: Using epoll channel type
[09:20:50] [Server thread/INFO]: This server is running CraftBukkit version git-Bukkit-a5b9c7b (MC: 1.13.2) (Implementing API version 1.13.2-R0.1-SNAPSHOT)
[09:20:50] [Server thread/WARN]: **** SERVER IS RUNNING IN OFFLINE/INSECURE MODE!
[09:20:50] [Server thread/WARN]: The server will make no attempt to authenticate usernames. Beware.
[09:20:50] [Server thread/WARN]: While this makes the game possible to play without internet access, it also opens up the ability for hackers to connect with any username they choose.
[09:20:50] [Server thread/WARN]: To change this, set "online-mode" to "true" in the server.properties file.
[09:20:50] [Server thread/INFO]: Preparing level "world"
[09:20:50] [Server thread/INFO]: Reloading ResourceManager: Default, bukkit
[09:20:52] [Server thread/INFO]: Loaded 524 recipes
[09:20:53] [Server thread/INFO]: Preparing start region for level minecraft:the_end (Seed: 2668911923531927108)
[09:20:53] [Server thread/INFO]: Preparing spawn area: 4%
[09:20:53] [Server thread/INFO]: Preparing spawn area: 8%
[09:20:54] [Server thread/INFO]: Preparing spawn area: 12%
[09:20:54] [Server thread/INFO]: Preparing spawn area: 16%
[09:20:54] [Server thread/INFO]: Preparing spawn area: 20%
[09:20:54] [Server thread/INFO]: Preparing spawn area: 24%
[09:20:54] [Server thread/INFO]: Preparing spawn area: 28%
[09:20:54] [Server thread/INFO]: Preparing spawn area: 32%
[09:20:54] [Server thread/INFO]: Preparing spawn area: 36%
[09:20:54] [Server thread/INFO]: Preparing spawn area: 40%
[09:20:54] [Server thread/INFO]: Preparing spawn area: 44%
[09:20:54] [Server thread/INFO]: Preparing spawn area: 48%
[09:20:54] [Server thread/INFO]: Preparing spawn area: 52%
[09:20:54] [Server thread/INFO]: Preparing spawn area: 56%
[09:20:54] [Server thread/INFO]: Preparing spawn area: 60%
[09:20:54] [Server thread/INFO]: Preparing spawn area: 64%
[09:20:55] [Server thread/INFO]: Preparing spawn area: 68%
[09:20:55] [Server thread/INFO]: Preparing spawn area: 72%
[09:20:55] [Server thread/INFO]: Preparing spawn area: 76%
[09:20:55] [Server thread/INFO]: Preparing spawn area: 80%
[09:20:55] [Server thread/INFO]: Preparing spawn area: 84%
[09:20:55] [Server thread/INFO]: Preparing spawn area: 88%
[09:20:55] [Server thread/INFO]: Preparing spawn area: 92%
[09:20:55] [Server thread/INFO]: Preparing spawn area: 96%
[09:20:55] [Server thread/INFO]: Preparing spawn area: 100%
[09:20:55] [Server thread/INFO]: Preparing start region for level minecraft:the_nether (Seed: 2668911923531927108)
[09:20:55] [Server thread/INFO]: Preparing spawn area: 4%
[09:20:55] [Server thread/INFO]: Preparing spawn area: 8%
[09:20:55] [Server thread/INFO]: Preparing spawn area: 12%
[09:20:56] [Server thread/INFO]: Preparing spawn area: 16%
[09:20:56] [Server thread/INFO]: Preparing spawn area: 20%
[09:20:56] [Server thread/INFO]: Preparing spawn area: 24%
[09:20:56] [Server thread/INFO]: Preparing spawn area: 28%
[09:20:56] [Server thread/INFO]: Preparing spawn area: 32%
[09:20:56] [Server thread/INFO]: Preparing spawn area: 36%
[09:20:57] [Server thread/INFO]: Preparing spawn area: 40%
[09:20:57] [Server thread/INFO]: Preparing spawn area: 44%
[09:20:57] [Server thread/INFO]: Preparing spawn area: 48%
[09:20:57] [Server thread/INFO]: Preparing spawn area: 52%
[09:20:57] [Server thread/INFO]: Preparing spawn area: 56%
[09:20:57] [Server thread/INFO]: Preparing spawn area: 60%
[09:20:57] [Server thread/INFO]: Preparing spawn area: 64%
[09:20:57] [Server thread/INFO]: Preparing spawn area: 68%
[09:20:58] [Server thread/INFO]: Preparing spawn area: 72%
[09:20:58] [Server thread/INFO]: Preparing spawn area: 76%
[09:20:58] [Server thread/INFO]: Preparing spawn area: 80%
[09:20:58] [Server thread/INFO]: Preparing spawn area: 84%
[09:20:58] [Server thread/INFO]: Preparing spawn area: 88%
[09:20:58] [Server thread/INFO]: Preparing spawn area: 92%
[09:20:58] [Server thread/INFO]: Preparing spawn area: 96%
[09:20:58] [Server thread/INFO]: Preparing spawn area: 100%
[09:20:58] [Server thread/INFO]: Preparing start region for level minecraft:overworld (Seed: 2668911923531927108)
[09:20:58] [Server thread/INFO]: Preparing spawn area: 4%
[09:20:59] [Server thread/INFO]: Preparing spawn area: 8%
[09:20:59] [Server thread/INFO]: Preparing spawn area: 12%
[09:20:59] [Server thread/INFO]: Preparing spawn area: 16%
[09:20:59] [Server thread/INFO]: Preparing spawn area: 20%
[09:20:59] [Server thread/INFO]: Preparing spawn area: 24%
[09:20:59] [Server thread/INFO]: Preparing spawn area: 28%
[09:20:59] [Server thread/INFO]: Preparing spawn area: 32%
[09:20:59] [Server thread/INFO]: Preparing spawn area: 36%
[09:20:59] [Server thread/INFO]: Preparing spawn area: 40%
[09:20:59] [Server thread/INFO]: Preparing spawn area: 44%
[09:20:59] [Server thread/INFO]: Preparing spawn area: 48%
[09:21:00] [Server thread/INFO]: Preparing spawn area: 52%
[09:21:00] [Server thread/INFO]: Preparing spawn area: 56%
[09:21:00] [Server thread/INFO]: Preparing spawn area: 60%
[09:21:00] [Server thread/INFO]: Preparing spawn area: 64%
[09:21:00] [Server thread/INFO]: Preparing spawn area: 68%
[09:21:00] [Server thread/INFO]: Preparing spawn area: 72%
[09:21:00] [Server thread/INFO]: Preparing spawn area: 76%
[09:21:01] [Server thread/INFO]: Preparing spawn area: 80%
[09:21:01] [Server thread/INFO]: Preparing spawn area: 84%
[09:21:01] [Server thread/INFO]: Preparing spawn area: 88%
[09:21:01] [Server thread/INFO]: Preparing spawn area: 92%
[09:21:01] [Server thread/INFO]: Preparing spawn area: 96%
[09:21:01] [Server thread/INFO]: Preparing spawn area: 100%
[09:21:01] [Server thread/INFO]: Time elapsed: 7896 ms
[09:21:01] [Server thread/INFO]: Server permissions file permissions.yml is empty, ignoring it
[09:21:01] [Server thread/INFO]: Done (10.884s)! For help, type "help"
[09:21:03] [Server thread/WARN]: Can't keep up! Is the server overloaded? Running 2047ms or 40 ticks behind
[09:21:21] [Server thread/INFO]: This server is running CraftBukkit version git-Bukkit-a5b9c7b (MC: 1.13.2) (Implementing API version 1.13.2-R0.1-SNAPSHOT)[m
[09:21:21] [Server thread/INFO]: Checking version, please wait...[m
[09:21:22] [Thread-7/INFO]: You are 52 version(s) behind[m
[09:24:06] [Server thread/INFO]: vaWU[/127.0.0.1:53698] logged in with entity id 380 at ([world]-35.742323313743874, 63.0, 113.15841626091742)
[09:24:06] [Server thread/WARN]: Can't keep up! Is the server overloaded? Running 2109ms or 42 ticks behind
[09:24:51] [Server thread/INFO]: vaWU lost connection: Disconnected
[09:24:51] [Server thread/INFO]: vaWU left the game
